<?xml version="1.0" encoding="UTF-8"?>
<!-- Generated by org.testng.reporters.JUnitReportReporter -->
<testsuite skipped="0" hostname="UME-IT-101660" name="testingFramework.AppTest" tests="1" failures="0" timestamp="09 May 2017 05:30:02 GMT" time="230.243" errors="0">
  <testcase name="guru99tutorials" time="230.243" classname="testingFramework.AppTest"/>
</testsuite> <!-- testingFramework.AppTest -->
