<?xml version="1.0" encoding="UTF-8"?>
<!-- Generated by org.testng.reporters.JUnitReportReporter -->
<testsuite skipped="0" hostname="UME-IT-101660" name="testingFramework.AppTest2" tests="1" failures="0" timestamp="09 May 2017 05:44:11 GMT" time="304.862" errors="0">
  <testcase name="guru99tutorials" time="304.862" classname="testingFramework.AppTest2"/>
</testsuite> <!-- testingFramework.AppTest2 -->
